<?xml version="1.0" encoding="UTF-8"?>
<testng-results skipped="0" failed="0" ignored="0" total="4" passed="4">
  <reporter-output>
  </reporter-output>
  <suite name="Surefire suite" duration-ms="31611" started-at="2021-05-27T09:51:35 IST" finished-at="2021-05-27T09:52:06 IST">
    <groups>
    </groups>
    <test name="Surefire test" duration-ms="31611" started-at="2021-05-27T09:51:35 IST" finished-at="2021-05-27T09:52:06 IST">
      <class name="myproject.test.TestCase">
        <test-method status="PASS" signature="beforeSuiteMethod()[pri:0, instance:myproject.test.TestCase@578486a3]" name="beforeSuiteMethod" is-config="true" duration-ms="16" started-at="2021-05-27T09:51:35 IST" finished-at="2021-05-27T09:51:35 IST">
          <reporter-output>
          </reporter-output>
        </test-method> <!-- beforeSuiteMethod -->
        <test-method status="PASS" signature="beforeTestMethod()[pri:0, instance:myproject.test.TestCase@578486a3]" name="beforeTestMethod" is-config="true" duration-ms="0" started-at="2021-05-27T09:51:35 IST" finished-at="2021-05-27T09:51:35 IST">
          <reporter-output>
          </reporter-output>
        </test-method> <!-- beforeTestMethod -->
        <test-method status="PASS" signature="beforeClassMethod()[pri:0, instance:myproject.test.TestCase@578486a3]" name="beforeClassMethod" is-config="true" duration-ms="0" started-at="2021-05-27T09:51:35 IST" finished-at="2021-05-27T09:51:35 IST">
          <reporter-output>
          </reporter-output>
        </test-method> <!-- beforeClassMethod -->
        <test-method status="PASS" signature="beforeMethod()[pri:0, instance:myproject.test.TestCase@578486a3]" name="beforeMethod" is-config="true" duration-ms="2490" started-at="2021-05-27T09:51:35 IST" finished-at="2021-05-27T09:51:37 IST">
          <reporter-output>
          </reporter-output>
        </test-method> <!-- beforeMethod -->
        <test-method status="PASS" signature="testCaseMethod()[pri:0, instance:myproject.test.TestCase@2b552920, instance params:[]]" name="testCaseMethod" duration-ms="6282" started-at="2021-05-27T09:51:37 IST" finished-at="2021-05-27T09:51:43 IST">
          <reporter-output>
          </reporter-output>
        </test-method> <!-- testCaseMethod -->
        <test-method status="PASS" signature="afterMethod()[pri:0, instance:myproject.test.TestCase@578486a3]" name="afterMethod" is-config="true" duration-ms="712" started-at="2021-05-27T09:51:43 IST" finished-at="2021-05-27T09:51:44 IST">
          <reporter-output>
          </reporter-output>
        </test-method> <!-- afterMethod -->
        <test-method status="PASS" signature="afterClassMethod()[pri:0, instance:myproject.test.TestCase@578486a3]" name="afterClassMethod" is-config="true" duration-ms="1" started-at="2021-05-27T09:51:44 IST" finished-at="2021-05-27T09:51:44 IST">
          <reporter-output>
          </reporter-output>
        </test-method> <!-- afterClassMethod -->
        <test-method status="PASS" signature="beforeClassMethod()[pri:0, instance:myproject.test.TestCase@578486a3]" name="beforeClassMethod" is-config="true" duration-ms="1" started-at="2021-05-27T09:51:44 IST" finished-at="2021-05-27T09:51:44 IST">
          <reporter-output>
          </reporter-output>
        </test-method> <!-- beforeClassMethod -->
        <test-method status="PASS" signature="beforeMethod()[pri:0, instance:myproject.test.TestCase@578486a3]" name="beforeMethod" is-config="true" duration-ms="2372" started-at="2021-05-27T09:51:44 IST" finished-at="2021-05-27T09:51:47 IST">
          <reporter-output>
          </reporter-output>
        </test-method> <!-- beforeMethod -->
        <test-method status="PASS" signature="testCaseMethod()[pri:0, instance:myproject.test.TestCase@2758fe70, instance params:[]]" name="testCaseMethod" duration-ms="3639" started-at="2021-05-27T09:51:47 IST" finished-at="2021-05-27T09:51:50 IST">
          <reporter-output>
          </reporter-output>
        </test-method> <!-- testCaseMethod -->
        <test-method status="PASS" signature="afterMethod()[pri:0, instance:myproject.test.TestCase@578486a3]" name="afterMethod" is-config="true" duration-ms="709" started-at="2021-05-27T09:51:50 IST" finished-at="2021-05-27T09:51:51 IST">
          <reporter-output>
          </reporter-output>
        </test-method> <!-- afterMethod -->
        <test-method status="PASS" signature="afterClassMethod()[pri:0, instance:myproject.test.TestCase@578486a3]" name="afterClassMethod" is-config="true" duration-ms="1" started-at="2021-05-27T09:51:51 IST" finished-at="2021-05-27T09:51:51 IST">
          <reporter-output>
          </reporter-output>
        </test-method> <!-- afterClassMethod -->
        <test-method status="PASS" signature="beforeClassMethod()[pri:0, instance:myproject.test.TestCase@578486a3]" name="beforeClassMethod" is-config="true" duration-ms="0" started-at="2021-05-27T09:51:51 IST" finished-at="2021-05-27T09:51:51 IST">
          <reporter-output>
          </reporter-output>
        </test-method> <!-- beforeClassMethod -->
        <test-method status="PASS" signature="beforeMethod()[pri:0, instance:myproject.test.TestCase@578486a3]" name="beforeMethod" is-config="true" duration-ms="1505" started-at="2021-05-27T09:51:51 IST" finished-at="2021-05-27T09:51:52 IST">
          <reporter-output>
          </reporter-output>
        </test-method> <!-- beforeMethod -->
        <test-method status="PASS" signature="testCaseMethod()[pri:0, instance:myproject.test.TestCase@1f36e637, instance params:[]]" name="testCaseMethod" duration-ms="5256" started-at="2021-05-27T09:51:52 IST" finished-at="2021-05-27T09:51:58 IST">
          <reporter-output>
          </reporter-output>
        </test-method> <!-- testCaseMethod -->
        <test-method status="PASS" signature="afterMethod()[pri:0, instance:myproject.test.TestCase@578486a3]" name="afterMethod" is-config="true" duration-ms="761" started-at="2021-05-27T09:51:58 IST" finished-at="2021-05-27T09:51:58 IST">
          <reporter-output>
          </reporter-output>
        </test-method> <!-- afterMethod -->
        <test-method status="PASS" signature="afterClassMethod()[pri:0, instance:myproject.test.TestCase@578486a3]" name="afterClassMethod" is-config="true" duration-ms="0" started-at="2021-05-27T09:51:58 IST" finished-at="2021-05-27T09:51:58 IST">
          <reporter-output>
          </reporter-output>
        </test-method> <!-- afterClassMethod -->
        <test-method status="PASS" signature="beforeMethod()[pri:0, instance:myproject.test.TestCase@578486a3]" name="beforeMethod" is-config="true" duration-ms="1816" started-at="2021-05-27T09:51:58 IST" finished-at="2021-05-27T09:52:00 IST">
          <reporter-output>
          </reporter-output>
        </test-method> <!-- beforeMethod -->
        <test-method status="PASS" signature="beforeClassMethod()[pri:0, instance:myproject.test.TestCase@578486a3]" name="beforeClassMethod" is-config="true" duration-ms="0" started-at="2021-05-27T09:51:58 IST" finished-at="2021-05-27T09:51:58 IST">
          <reporter-output>
          </reporter-output>
        </test-method> <!-- beforeClassMethod -->
        <test-method status="PASS" signature="testCaseMethod()[pri:0, instance:myproject.test.TestCase@578486a3, instance params:[]]" name="testCaseMethod" duration-ms="4817" started-at="2021-05-27T09:52:00 IST" finished-at="2021-05-27T09:52:05 IST">
          <reporter-output>
          </reporter-output>
        </test-method> <!-- testCaseMethod -->
        <test-method status="PASS" signature="afterMethod()[pri:0, instance:myproject.test.TestCase@578486a3]" name="afterMethod" is-config="true" duration-ms="1195" started-at="2021-05-27T09:52:05 IST" finished-at="2021-05-27T09:52:06 IST">
          <reporter-output>
          </reporter-output>
        </test-method> <!-- afterMethod -->
        <test-method status="PASS" signature="afterTestMethod()[pri:0, instance:myproject.test.TestCase@578486a3]" name="afterTestMethod" is-config="true" duration-ms="0" started-at="2021-05-27T09:52:06 IST" finished-at="2021-05-27T09:52:06 IST">
          <reporter-output>
          </reporter-output>
        </test-method> <!-- afterTestMethod -->
        <test-method status="PASS" signature="afterClassMethod()[pri:0, instance:myproject.test.TestCase@578486a3]" name="afterClassMethod" is-config="true" duration-ms="0" started-at="2021-05-27T09:52:06 IST" finished-at="2021-05-27T09:52:06 IST">
          <reporter-output>
          </reporter-output>
        </test-method> <!-- afterClassMethod -->
        <test-method status="PASS" signature="afterSuiteMethod()[pri:0, instance:myproject.test.TestCase@578486a3]" name="afterSuiteMethod" is-config="true" duration-ms="0" started-at="2021-05-27T09:52:06 IST" finished-at="2021-05-27T09:52:06 IST">
          <reporter-output>
          </reporter-output>
        </test-method> <!-- afterSuiteMethod -->
      </class> <!-- myproject.test.TestCase -->
    </test> <!-- Surefire test -->
  </suite> <!-- Surefire suite -->
</testng-results>
