<?xml version="1.0" encoding="UTF-8"?>
<!-- Generated by org.testng.reporters.JUnitXMLReporter -->
<testsuite hostname="LAPTOP-D4CHRHHN" ignored="0" name="Surefire test" tests="4" failures="0" timestamp="2021-05-27T09:52:06 IST" time="31.611" errors="0">
  <testcase name="testCaseMethod" time="6.282" classname="myproject.test.TestCase"/>
  <testcase name="testCaseMethod" time="3.639" classname="myproject.test.TestCase"/>
  <testcase name="testCaseMethod" time="5.256" classname="myproject.test.TestCase"/>
  <testcase name="testCaseMethod" time="4.817" classname="myproject.test.TestCase"/>
</testsuite> <!-- Surefire test -->
